<?xml version="1.0" encoding="UTF-8"?>
<testng-results ignored="0" total="1" passed="1" failed="0" skipped="0">
  <reporter-output>
  </reporter-output>
  <suite started-at="2024-11-06T15:04:44 IST" name="Default suite" finished-at="2024-11-06T15:05:52 IST" duration-ms="67849">
    <groups>
    </groups>
    <test started-at="2024-11-06T15:04:44 IST" name="Default test" finished-at="2024-11-06T15:05:52 IST" duration-ms="67849">
      <class name="Testng.Amazonwindowswap">
        <test-method is-config="true" signature="test()[pri:0, instance:Testng.Amazonwindowswap@202b0582]" started-at="2024-11-06T15:04:44 IST" name="test" finished-at="2024-11-06T15:05:30 IST" duration-ms="45885" status="PASS">
          <reporter-output>
          </reporter-output>
        </test-method> <!-- test -->
        <test-method signature="testing()[pri:0, instance:Testng.Amazonwindowswap@202b0582]" started-at="2024-11-06T15:05:30 IST" name="testing" finished-at="2024-11-06T15:05:52 IST" duration-ms="21907" status="PASS">
          <reporter-output>
          </reporter-output>
        </test-method> <!-- testing -->
      </class> <!-- Testng.Amazonwindowswap -->
    </test> <!-- Default test -->
  </suite> <!-- Default suite -->
</testng-results>
